2023-04-02 23:48:03.447986 - Initialized conversion of CBT368
2023-04-02 23:48:03.714884 - Received CBT.V504.FILE368.PDS from FILE368.XMI 
2023-04-02 23:48:03.718689 - Found $$$DOC.txt (text/plain) in CBT.V504.FILE368.PDS, moved to PDS/$$$DOC
2023-04-02 23:48:03.720123 - Found @FILE368.txt (text/plain) in CBT.V504.FILE368.PDS, moved to PDS/@FILE368
2023-04-02 23:48:03.721461 - Found AL.rexx (text/plain) in CBT.V504.FILE368.PDS, moved to PDS/AL
2023-04-02 23:48:03.723268 - Found COBPRT.jcl (text/plain) in CBT.V504.FILE368.PDS, moved to PDS/COBPRT
2023-04-02 23:48:03.724821 - Found COMMAND.txt (text/plain) in CBT.V504.FILE368.PDS, moved to PDS/COMMAND
2023-04-02 23:48:03.726173 - Found COPYLNES.rexx (text/plain) in CBT.V504.FILE368.PDS, moved to PDS/COPYLNES
2023-04-02 23:48:03.727283 - Found DMPGENER.rexx (text/plain) in CBT.V504.FILE368.PDS, moved to PDS/DMPGENER
2023-04-02 23:48:03.728695 - Found FTAILSMF.txt (text/plain) in CBT.V504.FILE368.PDS, moved to PDS/FTAILSMF
2023-04-02 23:48:03.729815 - Found ICEIEXIT.txt (text/plain) in CBT.V504.FILE368.PDS, moved to PDS/ICEIEXIT
2023-04-02 23:48:03.730875 - Found IEFUJI.txt (text/plain) in CBT.V504.FILE368.PDS, moved to PDS/IEFUJI
2023-04-02 23:48:03.731970 - Found JOBID.rexx (text/plain) in CBT.V504.FILE368.PDS, moved to PDS/JOBID
2023-04-02 23:48:03.732993 - Found MSGCHECK.rexx (text/plain) in CBT.V504.FILE368.PDS, moved to PDS/MSGCHECK
2023-04-02 23:48:03.733926 - Found PCOPY.rexx (text/plain) in CBT.V504.FILE368.PDS, moved to PDS/PCOPY
2023-04-02 23:48:03.734935 - Found PLIAVG.txt (text/plain) in CBT.V504.FILE368.PDS, moved to PDS/PLIAVG
2023-04-02 23:48:03.736017 - Found RDATE.rexx (text/plain) in CBT.V504.FILE368.PDS, moved to PDS/RDATE
2023-04-02 23:48:03.737060 - Found REGS.txt (text/plain) in CBT.V504.FILE368.PDS, moved to PDS/REGS
2023-04-02 23:48:03.738238 - Found RXJOBID.txt (text/plain) in CBT.V504.FILE368.PDS, moved to PDS/RXJOBID
2023-04-02 23:48:03.739301 - Found SEQNUM.rexx (text/plain) in CBT.V504.FILE368.PDS, moved to PDS/SEQNUM
2023-04-02 23:48:03.740360 - Found SMF128II.rexx (text/plain) in CBT.V504.FILE368.PDS, moved to PDS/SMF128II
2023-04-02 23:48:03.741534 - Found SMF128J.jcl (text/plain) in CBT.V504.FILE368.PDS, moved to PDS/SMF128J
2023-04-02 23:48:03.742598 - Found SMF170.rexx (text/plain) in CBT.V504.FILE368.PDS, moved to PDS/SMF170
2023-04-02 23:48:03.743720 - Found SMF170J.jcl (text/plain) in CBT.V504.FILE368.PDS, moved to PDS/SMF170J
2023-04-02 23:48:03.744710 - Found STCK.txt (text/plain) in CBT.V504.FILE368.PDS, moved to PDS/STCK
2023-04-02 23:48:03.745824 - Found TIMEPC.txt (text/plain) in CBT.V504.FILE368.PDS, moved to PDS/TIMEPC
2023-04-02 23:48:03.746796 - Found TIMEX.txt (text/plain) in CBT.V504.FILE368.PDS, moved to PDS/TIMEX
2023-04-02 23:48:03.748301 - Found TOUPPERC.rexx (text/plain) in CBT.V504.FILE368.PDS, moved to PDS/TOUPPERC
2023-04-02 23:48:03.749352 - Found TOUPPERJ.jcl (text/plain) in CBT.V504.FILE368.PDS, moved to PDS/TOUPPERJ
2023-04-02 23:48:03.750296 - Found WTOAGL01.txt (text/plain) in CBT.V504.FILE368.PDS, moved to PDS/WTOAGL01
